Build started 05.12.2014 19:19:32.
     1>Project "C:\Users\BPC\Documents\Visual Studio 2010\Projects\Schach\Schach\Schach.vcxproj" on node 2 (build target(s)).
     1>InitializeBuildStatus:
         Creating "Debug\Schach.unsuccessfulbuild" because "AlwaysCreate" was specified.
       ClCompile:
         C:\Program Files (x86)\Microsoft Visual Studio 10.0\VC\bin\CL.exe /c /I"C:\Program Files (x86)\SFML 2.1\include" /ZI /nologo /W3 /WX- /Od /Oy- /D WIN32 /D _DEBUG /D _CONSOLE /D _UNICODE /D UNICODE /Gm /EHsc /RTC1 /MDd /GS /fp:precise /Zc:wchar_t /Zc:forScope /Fo"Debug\\" /Fd"Debug\vc100.pdb" /Gd /TP /analyze- /errorReport:prompt Manager.cpp
         Manager.cpp
     1>c:\users\bpc\documents\visual studio 2010\projects\schach\schach\manager.cpp(43): warning C4244: 'Argument': Konvertierung von 'int' in 'float', möglicher Datenverlust
     1>c:\users\bpc\documents\visual studio 2010\projects\schach\schach\manager.cpp(43): warning C4244: 'Argument': Konvertierung von 'int' in 'float', möglicher Datenverlust
     1>c:\users\bpc\documents\visual studio 2010\projects\schach\schach\manager.cpp(50): warning C4244: 'Argument': Konvertierung von 'int' in 'float', möglicher Datenverlust
     1>c:\users\bpc\documents\visual studio 2010\projects\schach\schach\manager.cpp(50): warning C4244: 'Argument': Konvertierung von 'int' in 'float', möglicher Datenverlust
     1>c:\users\bpc\documents\visual studio 2010\projects\schach\schach\manager.cpp(57): warning C4244: 'Argument': Konvertierung von 'int' in 'float', möglicher Datenverlust
     1>c:\users\bpc\documents\visual studio 2010\projects\schach\schach\manager.cpp(57): warning C4244: 'Argument': Konvertierung von 'int' in 'float', möglicher Datenverlust
     1>c:\users\bpc\documents\visual studio 2010\projects\schach\schach\manager.cpp(67): warning C4244: 'Argument': Konvertierung von 'int' in 'float', möglicher Datenverlust
     1>c:\users\bpc\documents\visual studio 2010\projects\schach\schach\manager.cpp(67): warning C4244: 'Argument': Konvertierung von 'int' in 'float', möglicher Datenverlust
     1>c:\users\bpc\documents\visual studio 2010\projects\schach\schach\manager.cpp(69): warning C4244: 'Argument': Konvertierung von 'double' in 'float', möglicher Datenverlust
     1>c:\users\bpc\documents\visual studio 2010\projects\schach\schach\manager.cpp(69): warning C4244: 'Argument': Konvertierung von 'double' in 'float', möglicher Datenverlust
     1>c:\users\bpc\documents\visual studio 2010\projects\schach\schach\manager.cpp(80): warning C4244: 'Argument': Konvertierung von 'int' in 'float', möglicher Datenverlust
     1>c:\users\bpc\documents\visual studio 2010\projects\schach\schach\manager.cpp(80): warning C4244: 'Argument': Konvertierung von 'int' in 'float', möglicher Datenverlust
     1>c:\users\bpc\documents\visual studio 2010\projects\schach\schach\manager.cpp(82): warning C4244: 'Argument': Konvertierung von 'double' in 'float', möglicher Datenverlust
     1>c:\users\bpc\documents\visual studio 2010\projects\schach\schach\manager.cpp(82): warning C4244: 'Argument': Konvertierung von 'double' in 'float', möglicher Datenverlust
     1>c:\users\bpc\documents\visual studio 2010\projects\schach\schach\manager.cpp(93): warning C4244: 'Argument': Konvertierung von 'int' in 'float', möglicher Datenverlust
     1>c:\users\bpc\documents\visual studio 2010\projects\schach\schach\manager.cpp(93): warning C4244: 'Argument': Konvertierung von 'int' in 'float', möglicher Datenverlust
     1>c:\users\bpc\documents\visual studio 2010\projects\schach\schach\manager.cpp(95): warning C4244: 'Argument': Konvertierung von 'double' in 'float', möglicher Datenverlust
     1>c:\users\bpc\documents\visual studio 2010\projects\schach\schach\manager.cpp(95): warning C4244: 'Argument': Konvertierung von 'double' in 'float', möglicher Datenverlust
     1>c:\users\bpc\documents\visual studio 2010\projects\schach\schach\manager.cpp(106): warning C4244: 'Argument': Konvertierung von 'int' in 'float', möglicher Datenverlust
     1>c:\users\bpc\documents\visual studio 2010\projects\schach\schach\manager.cpp(106): warning C4244: 'Argument': Konvertierung von 'int' in 'float', möglicher Datenverlust
     1>c:\users\bpc\documents\visual studio 2010\projects\schach\schach\manager.cpp(108): warning C4244: 'Argument': Konvertierung von 'double' in 'float', möglicher Datenverlust
     1>c:\users\bpc\documents\visual studio 2010\projects\schach\schach\manager.cpp(108): warning C4244: 'Argument': Konvertierung von 'double' in 'float', möglicher Datenverlust
     1>c:\users\bpc\documents\visual studio 2010\projects\schach\schach\manager.cpp(119): warning C4244: 'Argument': Konvertierung von 'int' in 'float', möglicher Datenverlust
     1>c:\users\bpc\documents\visual studio 2010\projects\schach\schach\manager.cpp(119): warning C4244: 'Argument': Konvertierung von 'int' in 'float', möglicher Datenverlust
     1>c:\users\bpc\documents\visual studio 2010\projects\schach\schach\manager.cpp(121): warning C4244: 'Argument': Konvertierung von 'double' in 'float', möglicher Datenverlust
     1>c:\users\bpc\documents\visual studio 2010\projects\schach\schach\manager.cpp(121): warning C4244: 'Argument': Konvertierung von 'double' in 'float', möglicher Datenverlust
     1>c:\users\bpc\documents\visual studio 2010\projects\schach\schach\manager.cpp(132): warning C4244: 'Argument': Konvertierung von 'int' in 'float', möglicher Datenverlust
     1>c:\users\bpc\documents\visual studio 2010\projects\schach\schach\manager.cpp(132): warning C4244: 'Argument': Konvertierung von 'int' in 'float', möglicher Datenverlust
     1>c:\users\bpc\documents\visual studio 2010\projects\schach\schach\manager.cpp(134): warning C4244: 'Argument': Konvertierung von 'double' in 'float', möglicher Datenverlust
     1>c:\users\bpc\documents\visual studio 2010\projects\schach\schach\manager.cpp(134): warning C4244: 'Argument': Konvertierung von 'double' in 'float', möglicher Datenverlust
     1>c:\users\bpc\documents\visual studio 2010\projects\schach\schach\manager.cpp(145): warning C4244: 'Argument': Konvertierung von 'int' in 'float', möglicher Datenverlust
     1>c:\users\bpc\documents\visual studio 2010\projects\schach\schach\manager.cpp(145): warning C4244: 'Argument': Konvertierung von 'int' in 'float', möglicher Datenverlust
     1>c:\users\bpc\documents\visual studio 2010\projects\schach\schach\manager.cpp(147): warning C4244: 'Argument': Konvertierung von 'double' in 'float', möglicher Datenverlust
     1>c:\users\bpc\documents\visual studio 2010\projects\schach\schach\manager.cpp(147): warning C4244: 'Argument': Konvertierung von 'double' in 'float', möglicher Datenverlust
     1>c:\users\bpc\documents\visual studio 2010\projects\schach\schach\manager.cpp(177): warning C4244: '=': Konvertierung von 'sf::Int32' in 'float', möglicher Datenverlust
     1>c:\users\bpc\documents\visual studio 2010\projects\schach\schach\manager.cpp(222): warning C4244: '=': Konvertierung von 'sf::Int32' in 'float', möglicher Datenverlust
     1>c:\users\bpc\documents\visual studio 2010\projects\schach\schach\manager.cpp(439): warning C4244: 'Argument': Konvertierung von 'int' in 'float', möglicher Datenverlust
     1>c:\users\bpc\documents\visual studio 2010\projects\schach\schach\manager.cpp(439): warning C4244: 'Argument': Konvertierung von 'int' in 'float', möglicher Datenverlust
       ManifestResourceCompile:
         All outputs are up-to-date.
       Link:
         C:\Program Files (x86)\Microsoft Visual Studio 10.0\VC\bin\link.exe /ERRORREPORT:PROMPT /OUT:"C:\Users\BPC\Documents\Visual Studio 2010\Projects\Schach\Debug\Schach.exe" /INCREMENTAL /NOLOGO /LIBPATH:"C:\Program Files (x86)\SFML 2.1\lib" "sfml-audio-d.lib" "sfml-window-d.lib" "sfml-graphics-d.lib" "sfml-network-d.lib" "sfml-system-d.lib" kernel32.lib user32.lib gdi32.lib winspool.lib comdlg32.lib advapi32.lib shell32.lib ole32.lib oleaut32.lib uuid.lib odbc32.lib odbccp32.lib /MANIFEST /ManifestFile:"Debug\Schach.exe.intermediate.manifest" /MANIFESTUAC:"level='asInvoker' uiAccess='false'" /DEBUG /PDB:"C:\Users\BPC\Documents\Visual Studio 2010\Projects\Schach\Debug\Schach.pdb" /SUBSYSTEM:CONSOLE /TLBID:1 /DYNAMICBASE /NXCOMPAT /IMPLIB:"C:\Users\BPC\Documents\Visual Studio 2010\Projects\Schach\Debug\Schach.lib" /MACHINE:X86 Debug\Schach.exe.embed.manifest.res
         Debug\Manager.obj
       Manifest:
         C:\Program Files (x86)\Microsoft SDKs\Windows\v7.0A\bin\mt.exe /nologo /verbose /out:"Debug\Schach.exe.embed.manifest" /manifest Debug\Schach.exe.intermediate.manifest
         All outputs are up-to-date.
       LinkEmbedManifest:
         All outputs are up-to-date.
         Schach.vcxproj -> C:\Users\BPC\Documents\Visual Studio 2010\Projects\Schach\Debug\Schach.exe
       FinalizeBuildStatus:
         Deleting file "Debug\Schach.unsuccessfulbuild".
         Touching "Debug\Schach.lastbuildstate".
     1>Done Building Project "C:\Users\BPC\Documents\Visual Studio 2010\Projects\Schach\Schach\Schach.vcxproj" (build target(s)).

Das Erstellen war erfolgreich.

Time Elapsed 00:00:01.19
